<?xml version="1.0" encoding="UTF-8"?>
<!-- Generated by org.testng.reporters.JUnitXMLReporter -->
<testsuite ignored="0" hostname="bcd0746442bd.ant.amazon.com" failures="3" tests="8" name="some_package" time="0.142" errors="0" timestamp="2023-03-30T11:58:39 IST">
  <testcase classname="com.w2a.rough.TestNgRevised" name="doUdserRegiostration" time="0.007"/>
  <testcase classname="com.w2a.rough.TestNgRevised" name="doLogin" time="0.002"/>
  <testcase classname="com.w2a.rough.TestNgRevised2" name="softAssertion" time="0.012">
    <failure type="java.lang.AssertionError" message="The following asserts failed:
	expected [google] but found [yahoo]">
      <![CDATA[java.lang.AssertionError: The following asserts failed:
expected [google] but found [yahoo]
at com.w2a.rough.TestNgRevised2.softAssertion(TestNgRevised2.java:28)
at java.base/java.util.ArrayList.forEach(ArrayList.java:1511)
... Removed 29 stack frames]]>
    </failure>
  </testcase> <!-- softAssertion -->
  <testcase classname="com.w2a.rough.TestNgRevised2" name="validateTitle" time="0.002">
    <failure type="java.lang.AssertionError" message="some message I can put expected [true] but found [false]">
      <![CDATA[java.lang.AssertionError: some message I can put expected [true] but found [false]
at com.w2a.rough.TestNgRevised2.validateTitle(TestNgRevised2.java:18)
at java.base/java.util.ArrayList.forEach(ArrayList.java:1511)
... Removed 32 stack frames]]>
    </failure>
  </testcase> <!-- validateTitle -->
  <testcase classname="com.w2a.rough.TestngRevised3" name="doUdserRegiostration" time="0.002">
    <failure type="java.lang.AssertionError" message="user not registered">
      <![CDATA[java.lang.AssertionError: user not registered
at com.w2a.rough.TestngRevised3.doUdserRegiostration(TestngRevised3.java:16)
at java.base/java.util.ArrayList.forEach(ArrayList.java:1511)
... Removed 28 stack frames]]>
    </failure>
  </testcase> <!-- doUdserRegiostration -->
  <testcase classname="com.w2a.rough.TestngRevised3" name="doLogin" time="0.0">
    <skipped/>
  </testcase> <!-- doLogin -->
  <testcase classname="com.w2a.rough.TestngRevised3" name="thirdTest" time="0.004"/>
  <testcase classname="com.w2a.rough.TestngRevised3" name="fourthTest" time="0.0">
    <skipped/>
  </testcase> <!-- fourthTest -->
</testsuite> <!-- some_package -->
