<?xml version="1.0" encoding="UTF-8"?>
<!-- Generated by org.testng.reporters.JUnitXMLReporter -->
<testsuite ignored="0" hostname="bcd0746442bd.ant.amazon.com" failures="2" tests="2" name="assertion rough 2 tests" time="0.009" errors="0" timestamp="2023-03-30T13:15:47 IST">
  <testcase classname="com.w2a.rough1.AssertionTests" name="softAssertion" time="0.0">
    <failure type="java.lang.AssertionError" message="The following asserts failed:
	expected [google] but found [yahoo]">
      <![CDATA[java.lang.AssertionError: The following asserts failed:
expected [google] but found [yahoo]
at com.w2a.rough1.AssertionTests.softAssertion(AssertionTests.java:26)
at java.base/java.util.ArrayList.forEach(ArrayList.java:1511)
... Removed 30 stack frames]]>
    </failure>
  </testcase> <!-- softAssertion -->
  <testcase classname="com.w2a.rough1.AssertionTests" name="validateTitle" time="0.002">
    <failure type="java.lang.AssertionError" message="some message I can put expected [true] but found [false]">
      <![CDATA[java.lang.AssertionError: some message I can put expected [true] but found [false]
at com.w2a.rough1.AssertionTests.validateTitle(AssertionTests.java:16)
at java.base/java.util.ArrayList.forEach(ArrayList.java:1511)
... Removed 33 stack frames]]>
    </failure>
  </testcase> <!-- validateTitle -->
</testsuite> <!-- assertion rough 2 tests -->
